This file contains any messages produced by compilers while
running configure, to aid debugging if configure makes a mistake.

It was created by sqlite configure 3.9.1, which was
generated by GNU Autoconf 2.69.  Invocation command line was

  $ ./configure 

## --------- ##
## Platform. ##
## --------- ##

hostname = cn93
uname -m = x86_64
uname -r = 2.6.32-358.23.2.el6.x86_64
uname -s = Linux
uname -v = #1 SMP Sat Sep 14 05:32:37 EDT 2013

/usr/bin/uname -p = unknown
/bin/uname -X     = unknown

/bin/arch              = x86_64
/usr/bin/arch -k       = unknown
/usr/convex/getsysinfo = unknown
/usr/bin/hostinfo      = unknown
/bin/machine           = unknown
/usr/bin/oslevel       = unknown
/bin/universe          = unknown

PATH: /usr/local/packages/gcc/4.9/bin
PATH: /packages/openmpi/1.8_gcc-4.9-tm/bin
PATH: /usr/local/packages/sqlite/3.8/bin
PATH: /usr/lib64/qt-3.3/bin
PATH: /opt/torque/bin
PATH: /usr/local/bin
PATH: /bin
PATH: /usr/bin
PATH: /usr/local/sbin
PATH: /usr/sbin
PATH: /sbin
PATH: /home12/cdw/local/pdtoolkit-3.20/x86_64/bin
PATH: /home12/cdw/bin


## ----------- ##
## Core tests. ##
## ----------- ##

configure:2218: checking for a BSD-compatible install
configure:2286: result: /usr/bin/install -c
configure:2297: checking whether build environment is sane
configure:2347: result: yes
configure:2488: checking for a thread-safe mkdir -p
configure:2527: result: /bin/mkdir -p
configure:2540: checking for gawk
configure:2556: found /bin/gawk
configure:2567: result: gawk
configure:2578: checking whether make sets $(MAKE)
configure:2600: result: yes
configure:2693: checking for style of include used by make
configure:2721: result: GNU
configure:2792: checking for gcc
configure:2808: found /usr/local/packages/gcc/4.9/bin/gcc
configure:2819: result: gcc
configure:3048: checking for C compiler version
configure:3057: gcc --version >&5
gcc (GCC) 4.9.3
Copyright (C) 2015 Free Software Foundation, Inc.
This is free software; see the source for copying conditions.  There is NO
warranty; not even for MERCHANTABILITY or FITNESS FOR A PARTICULAR PURPOSE.

configure:3068: $? = 0
configure:3057: gcc -v >&5
Using built-in specs.
COLLECT_GCC=gcc
COLLECT_LTO_WRAPPER=/ibrix/packages/gcc/4.9.3/bin/../libexec/gcc/x86_64-unknown-linux-gnu/4.9.3/lto-wrapper
Target: x86_64-unknown-linux-gnu
Configured with: /scratch/gcc-4.9.3/configure --prefix=/packages/gcc/4.9.3 --enable-shared --enable-static --enable-threads=posix --with-system-zlib --enable-languages=c,c++,objc,obj-c++,java,fortran --with-gmp=/packages/gmp/6.0 --with-mpfr=/packages/mpfr/3.1_gmp6 --with-mpc=/packages/mpc/1.0_gmp6
Thread model: posix
gcc version 4.9.3 (GCC) 
configure:3068: $? = 0
configure:3057: gcc -V >&5
gcc: error: unrecognized command line option '-V'
gcc: fatal error: no input files
compilation terminated.
configure:3068: $? = 1
configure:3057: gcc -qversion >&5
gcc: error: unrecognized command line option '-qversion'
gcc: fatal error: no input files
compilation terminated.
configure:3068: $? = 1
configure:3088: checking whether the C compiler works
configure:3110: gcc    conftest.c  >&5
configure:3114: $? = 0
configure:3162: result: yes
configure:3165: checking for C compiler default output file name
configure:3167: result: a.out
configure:3173: checking for suffix of executables
configure:3180: gcc -o conftest    conftest.c  >&5
configure:3184: $? = 0
configure:3206: result: 
configure:3228: checking whether we are cross compiling
configure:3236: gcc -o conftest    conftest.c  >&5
configure:3240: $? = 0
configure:3247: ./conftest
configure:3251: $? = 0
configure:3266: result: no
configure:3271: checking for suffix of object files
configure:3293: gcc -c   conftest.c >&5
configure:3297: $? = 0
configure:3318: result: o
configure:3322: checking whether we are using the GNU C compiler
configure:3341: gcc -c   conftest.c >&5
configure:3341: $? = 0
configure:3350: result: yes
configure:3359: checking whether gcc accepts -g
configure:3379: gcc -c -g  conftest.c >&5
configure:3379: $? = 0
configure:3420: result: yes
configure:3437: checking for gcc option to accept ISO C89
configure:3500: gcc  -c -g -O2  conftest.c >&5
configure:3500: $? = 0
configure:3513: result: none needed
configure:3535: checking dependency style of gcc
configure:3646: result: gcc3
configure:3669: checking for special C compiler options needed for large files
configure:3714: result: no
configure:3720: checking for _FILE_OFFSET_BITS value needed for large files
configure:3745: gcc -c -g -O2  conftest.c >&5
configure:3745: $? = 0
configure:3777: result: no
configure:3912: checking for gcc
configure:3939: result: gcc
configure:4168: checking for C compiler version
configure:4177: gcc --version >&5
gcc (GCC) 4.9.3
Copyright (C) 2015 Free Software Foundation, Inc.
This is free software; see the source for copying conditions.  There is NO
warranty; not even for MERCHANTABILITY or FITNESS FOR A PARTICULAR PURPOSE.

configure:4188: $? = 0
configure:4177: gcc -v >&5
Using built-in specs.
COLLECT_GCC=gcc
COLLECT_LTO_WRAPPER=/ibrix/packages/gcc/4.9.3/bin/../libexec/gcc/x86_64-unknown-linux-gnu/4.9.3/lto-wrapper
Target: x86_64-unknown-linux-gnu
Configured with: /scratch/gcc-4.9.3/configure --prefix=/packages/gcc/4.9.3 --enable-shared --enable-static --enable-threads=posix --with-system-zlib --enable-languages=c,c++,objc,obj-c++,java,fortran --with-gmp=/packages/gmp/6.0 --with-mpfr=/packages/mpfr/3.1_gmp6 --with-mpc=/packages/mpc/1.0_gmp6
Thread model: posix
gcc version 4.9.3 (GCC) 
configure:4188: $? = 0
configure:4177: gcc -V >&5
gcc: error: unrecognized command line option '-V'
gcc: fatal error: no input files
compilation terminated.
configure:4188: $? = 1
configure:4177: gcc -qversion >&5
gcc: error: unrecognized command line option '-qversion'
gcc: fatal error: no input files
compilation terminated.
configure:4188: $? = 1
configure:4192: checking whether we are using the GNU C compiler
configure:4220: result: yes
configure:4229: checking whether gcc accepts -g
configure:4290: result: yes
configure:4307: checking for gcc option to accept ISO C89
configure:4383: result: none needed
configure:4405: checking dependency style of gcc
configure:4516: result: gcc3
configure:4574: checking for ranlib
configure:4590: found /usr/bin/ranlib
configure:4601: result: ranlib
configure:4652: checking build system type
configure:4666: result: x86_64-unknown-linux-gnu
configure:4686: checking host system type
configure:4699: result: x86_64-unknown-linux-gnu
configure:4740: checking how to print strings
configure:4767: result: printf
configure:4788: checking for a sed that does not truncate output
configure:4852: result: /bin/sed
configure:4870: checking for grep that handles long lines and -e
configure:4928: result: /bin/grep
configure:4933: checking for egrep
configure:4995: result: /bin/grep -E
configure:5000: checking for fgrep
configure:5062: result: /bin/grep -F
configure:5097: checking for ld used by gcc
configure:5164: result: /usr/bin/ld
configure:5171: checking if the linker (/usr/bin/ld) is GNU ld
configure:5186: result: yes
configure:5198: checking for BSD- or MS-compatible name lister (nm)
configure:5247: result: /usr/bin/nm -B
configure:5377: checking the name lister (/usr/bin/nm -B) interface
configure:5384: gcc -c -g -O2  conftest.c >&5
configure:5387: /usr/bin/nm -B "conftest.o"
configure:5390: output
0000000000000000 B some_variable
configure:5397: result: BSD nm
configure:5400: checking whether ln -s works
configure:5404: result: yes
configure:5412: checking the maximum length of command line arguments
configure:5542: result: 1966080
configure:5559: checking whether the shell understands some XSI constructs
configure:5569: result: yes
configure:5573: checking whether the shell understands "+="
configure:5579: result: yes
configure:5614: checking how to convert x86_64-unknown-linux-gnu file names to x86_64-unknown-linux-gnu format
configure:5654: result: func_convert_file_noop
configure:5661: checking how to convert x86_64-unknown-linux-gnu file names to toolchain format
configure:5681: result: func_convert_file_noop
configure:5688: checking for /usr/bin/ld option to reload object files
configure:5695: result: -r
configure:5769: checking for objdump
configure:5785: found /usr/bin/objdump
configure:5796: result: objdump
configure:5828: checking how to recognize dependent libraries
configure:6030: result: pass_all
configure:6115: checking for dlltool
configure:6145: result: no
configure:6175: checking how to associate runtime and link libraries
configure:6202: result: printf %s\n
configure:6262: checking for ar
configure:6278: found /usr/bin/ar
configure:6289: result: ar
configure:6326: checking for archiver @FILE support
configure:6343: gcc -c -g -O2  conftest.c >&5
configure:6343: $? = 0
configure:6346: ar cru libconftest.a @conftest.lst >&5
configure:6349: $? = 0
configure:6354: ar cru libconftest.a @conftest.lst >&5
ar: conftest.o: No such file or directory
configure:6357: $? = 1
configure:6369: result: @
configure:6427: checking for strip
configure:6443: found /usr/bin/strip
configure:6454: result: strip
configure:6526: checking for ranlib
configure:6553: result: ranlib
configure:6655: checking command to parse /usr/bin/nm -B output from gcc object
configure:6775: gcc -c -g -O2  conftest.c >&5
configure:6778: $? = 0
configure:6782: /usr/bin/nm -B conftest.o \| sed -n -e 's/^.*[ ]\([ABCDGIRSTW][ABCDGIRSTW]*\)[ ][ ]*\([_A-Za-z][_A-Za-z0-9]*\)$/\1 \2 \2/p' | sed '/ __gnu_lto/d' \> conftest.nm
configure:6785: $? = 0
configure:6851: gcc -o conftest -g -O2   conftest.c conftstm.o >&5
configure:6854: $? = 0
configure:6892: result: ok
configure:6929: checking for sysroot
configure:6959: result: no
configure:7036: gcc -c -g -O2  conftest.c >&5
configure:7039: $? = 0
configure:7215: checking for mt
configure:7245: result: no
configure:7265: checking if : is a manifest tool
configure:7271: : '-?'
configure:7279: result: no
configure:7921: checking how to run the C preprocessor
configure:7952: gcc -E  conftest.c
configure:7952: $? = 0
configure:7966: gcc -E  conftest.c
conftest.c:11:28: fatal error: ac_nonexistent.h: No such file or directory
 #include <ac_nonexistent.h>
                            ^
compilation terminated.
configure:7966: $? = 1
configure: failed program was:
| /* confdefs.h */
| #define PACKAGE_NAME "sqlite"
| #define PACKAGE_TARNAME "sqlite"
| #define PACKAGE_VERSION "3.9.1"
| #define PACKAGE_STRING "sqlite 3.9.1"
| #define PACKAGE_BUGREPORT "http://www.sqlite.org"
| #define PACKAGE_URL ""
| #define PACKAGE "sqlite"
| #define VERSION "3.9.1"
| /* end confdefs.h.  */
| #include <ac_nonexistent.h>
configure:7991: result: gcc -E
configure:8011: gcc -E  conftest.c
configure:8011: $? = 0
configure:8025: gcc -E  conftest.c
conftest.c:11:28: fatal error: ac_nonexistent.h: No such file or directory
 #include <ac_nonexistent.h>
                            ^
compilation terminated.
configure:8025: $? = 1
configure: failed program was:
| /* confdefs.h */
| #define PACKAGE_NAME "sqlite"
| #define PACKAGE_TARNAME "sqlite"
| #define PACKAGE_VERSION "3.9.1"
| #define PACKAGE_STRING "sqlite 3.9.1"
| #define PACKAGE_BUGREPORT "http://www.sqlite.org"
| #define PACKAGE_URL ""
| #define PACKAGE "sqlite"
| #define VERSION "3.9.1"
| /* end confdefs.h.  */
| #include <ac_nonexistent.h>
configure:8054: checking for ANSI C header files
configure:8074: gcc -c -g -O2  conftest.c >&5
configure:8074: $? = 0
configure:8147: gcc -o conftest -g -O2   conftest.c  >&5
configure:8147: $? = 0
configure:8147: ./conftest
configure:8147: $? = 0
configure:8158: result: yes
configure:8171: checking for sys/types.h
configure:8171: gcc -c -g -O2  conftest.c >&5
configure:8171: $? = 0
configure:8171: result: yes
configure:8171: checking for sys/stat.h
configure:8171: gcc -c -g -O2  conftest.c >&5
configure:8171: $? = 0
configure:8171: result: yes
configure:8171: checking for stdlib.h
configure:8171: gcc -c -g -O2  conftest.c >&5
configure:8171: $? = 0
configure:8171: result: yes
configure:8171: checking for string.h
configure:8171: gcc -c -g -O2  conftest.c >&5
configure:8171: $? = 0
configure:8171: result: yes
configure:8171: checking for memory.h
configure:8171: gcc -c -g -O2  conftest.c >&5
configure:8171: $? = 0
configure:8171: result: yes
configure:8171: checking for strings.h
configure:8171: gcc -c -g -O2  conftest.c >&5
configure:8171: $? = 0
configure:8171: result: yes
configure:8171: checking for inttypes.h
configure:8171: gcc -c -g -O2  conftest.c >&5
configure:8171: $? = 0
configure:8171: result: yes
configure:8171: checking for stdint.h
configure:8171: gcc -c -g -O2  conftest.c >&5
configure:8171: $? = 0
configure:8171: result: yes
configure:8171: checking for unistd.h
configure:8171: gcc -c -g -O2  conftest.c >&5
configure:8171: $? = 0
configure:8171: result: yes
configure:8185: checking for dlfcn.h
configure:8185: gcc -c -g -O2  conftest.c >&5
configure:8185: $? = 0
configure:8185: result: yes
configure:8391: checking for objdir
configure:8406: result: .libs
configure:8673: checking if gcc supports -fno-rtti -fno-exceptions
configure:8691: gcc -c -g -O2  -fno-rtti -fno-exceptions conftest.c >&5
cc1: warning: command line option '-fno-rtti' is valid for C++/ObjC++ but not for C
configure:8695: $? = 0
configure:8708: result: no
configure:9035: checking for gcc option to produce PIC
configure:9042: result: -fPIC -DPIC
configure:9050: checking if gcc PIC flag -fPIC -DPIC works
configure:9068: gcc -c -g -O2  -fPIC -DPIC -DPIC conftest.c >&5
configure:9072: $? = 0
configure:9085: result: yes
configure:9114: checking if gcc static flag -static works
configure:9142: result: yes
configure:9157: checking if gcc supports -c -o file.o
configure:9178: gcc -c -g -O2  -o out/conftest2.o conftest.c >&5
configure:9182: $? = 0
configure:9204: result: yes
configure:9212: checking if gcc supports -c -o file.o
configure:9259: result: yes
configure:9292: checking whether the gcc linker (/usr/bin/ld -m elf_x86_64) supports shared libraries
configure:10445: result: yes
configure:10482: checking whether -lc should be explicitly linked in
configure:10490: gcc -c -g -O2  conftest.c >&5
configure:10493: $? = 0
configure:10508: gcc -shared  -fPIC -DPIC conftest.o  -v -Wl,-soname -Wl,conftest -o conftest 2\>\&1 \| /bin/grep  -lc  \>/dev/null 2\>\&1
configure:10511: $? = 0
configure:10525: result: no
configure:10685: checking dynamic linker characteristics
configure:11196: gcc -o conftest -g -O2   -Wl,-rpath -Wl,/foo conftest.c  >&5
configure:11196: $? = 0
configure:11418: result: GNU/Linux ld.so
configure:11525: checking how to hardcode library paths into programs
configure:11550: result: immediate
configure:12090: checking whether stripping libraries is possible
configure:12095: result: yes
configure:12130: checking if libtool supports shared libraries
configure:12132: result: yes
configure:12135: checking whether to build shared libraries
configure:12156: result: yes
configure:12159: checking whether to build static libraries
configure:12163: result: yes
configure:12206: checking for fdatasync
configure:12206: gcc -o conftest -g -O2   conftest.c  >&5
configure:12206: $? = 0
configure:12206: result: yes
configure:12206: checking for usleep
configure:12206: gcc -o conftest -g -O2   conftest.c  >&5
configure:12206: $? = 0
configure:12206: result: yes
configure:12206: checking for fullfsync
configure:12206: gcc -o conftest -g -O2   conftest.c  >&5
/tmp/ccE6S2sI.o: In function `main':
/home12/cdw/research/sos_flow/include/sqlite3/conftest.c:59: undefined reference to `fullfsync'
collect2: error: ld returned 1 exit status
configure:12206: $? = 1
configure: failed program was:
| /* confdefs.h */
| #define PACKAGE_NAME "sqlite"
| #define PACKAGE_TARNAME "sqlite"
| #define PACKAGE_VERSION "3.9.1"
| #define PACKAGE_STRING "sqlite 3.9.1"
| #define PACKAGE_BUGREPORT "http://www.sqlite.org"
| #define PACKAGE_URL ""
| #define PACKAGE "sqlite"
| #define VERSION "3.9.1"
| #define STDC_HEADERS 1
| #define HAVE_SYS_TYPES_H 1
| #define HAVE_SYS_STAT_H 1
| #define HAVE_STDLIB_H 1
| #define HAVE_STRING_H 1
| #define HAVE_MEMORY_H 1
| #define HAVE_STRINGS_H 1
| #define HAVE_INTTYPES_H 1
| #define HAVE_STDINT_H 1
| #define HAVE_UNISTD_H 1
| #define HAVE_DLFCN_H 1
| #define LT_OBJDIR ".libs/"
| #define HAVE_FDATASYNC 1
| #define HAVE_USLEEP 1
| /* end confdefs.h.  */
| /* Define fullfsync to an innocuous variant, in case <limits.h> declares fullfsync.
|    For example, HP-UX 11i <limits.h> declares gettimeofday.  */
| #define fullfsync innocuous_fullfsync
| 
| /* System header to define __stub macros and hopefully few prototypes,
|     which can conflict with char fullfsync (); below.
|     Prefer <limits.h> to <assert.h> if __STDC__ is defined, since
|     <limits.h> exists even on freestanding compilers.  */
| 
| #ifdef __STDC__
| # include <limits.h>
| #else
| # include <assert.h>
| #endif
| 
| #undef fullfsync
| 
| /* Override any GCC internal prototype to avoid an error.
|    Use char because int might match the return type of a GCC
|    builtin and then its argument prototype would still apply.  */
| #ifdef __cplusplus
| extern "C"
| #endif
| char fullfsync ();
| /* The GNU C library defines this for functions which it implements
|     to always fail with ENOSYS.  Some functions are actually named
|     something starting with __ and the normal name is an alias.  */
| #if defined __stub_fullfsync || defined __stub___fullfsync
| choke me
| #endif
| 
| int
| main ()
| {
| return fullfsync ();
|   ;
|   return 0;
| }
configure:12206: result: no
configure:12206: checking for localtime_r
configure:12206: gcc -o conftest -g -O2   conftest.c  >&5
configure:12206: $? = 0
configure:12206: result: yes
configure:12206: checking for gmtime_r
configure:12206: gcc -o conftest -g -O2   conftest.c  >&5
configure:12206: $? = 0
configure:12206: result: yes
configure:12215: checking whether strerror_r is declared
configure:12215: gcc -c -g -O2  conftest.c >&5
configure:12215: $? = 0
configure:12215: result: yes
configure:12228: checking for strerror_r
configure:12228: gcc -o conftest -g -O2   conftest.c  >&5
configure:12228: $? = 0
configure:12228: result: yes
configure:12237: checking whether strerror_r returns char *
configure:12261: gcc -c -g -O2  conftest.c >&5
conftest.c: In function 'main':
conftest.c:67:13: error: invalid type argument of unary '*' (have 'int')
    char x = *strerror_r (0, buf, sizeof buf);
             ^
conftest.c:68:14: warning: initialization makes pointer from integer without a cast
    char *p = strerror_r (0, buf, sizeof buf);
              ^
configure:12261: $? = 1
configure: failed program was:
| /* confdefs.h */
| #define PACKAGE_NAME "sqlite"
| #define PACKAGE_TARNAME "sqlite"
| #define PACKAGE_VERSION "3.9.1"
| #define PACKAGE_STRING "sqlite 3.9.1"
| #define PACKAGE_BUGREPORT "http://www.sqlite.org"
| #define PACKAGE_URL ""
| #define PACKAGE "sqlite"
| #define VERSION "3.9.1"
| #define STDC_HEADERS 1
| #define HAVE_SYS_TYPES_H 1
| #define HAVE_SYS_STAT_H 1
| #define HAVE_STDLIB_H 1
| #define HAVE_STRING_H 1
| #define HAVE_MEMORY_H 1
| #define HAVE_STRINGS_H 1
| #define HAVE_INTTYPES_H 1
| #define HAVE_STDINT_H 1
| #define HAVE_UNISTD_H 1
| #define HAVE_DLFCN_H 1
| #define LT_OBJDIR ".libs/"
| #define HAVE_FDATASYNC 1
| #define HAVE_USLEEP 1
| #define HAVE_LOCALTIME_R 1
| #define HAVE_GMTIME_R 1
| #define HAVE_DECL_STRERROR_R 1
| #define HAVE_STRERROR_R 1
| /* end confdefs.h.  */
| #include <stdio.h>
| #ifdef HAVE_SYS_TYPES_H
| # include <sys/types.h>
| #endif
| #ifdef HAVE_SYS_STAT_H
| # include <sys/stat.h>
| #endif
| #ifdef STDC_HEADERS
| # include <stdlib.h>
| # include <stddef.h>
| #else
| # ifdef HAVE_STDLIB_H
| #  include <stdlib.h>
| # endif
| #endif
| #ifdef HAVE_STRING_H
| # if !defined STDC_HEADERS && defined HAVE_MEMORY_H
| #  include <memory.h>
| # endif
| # include <string.h>
| #endif
| #ifdef HAVE_STRINGS_H
| # include <strings.h>
| #endif
| #ifdef HAVE_INTTYPES_H
| # include <inttypes.h>
| #endif
| #ifdef HAVE_STDINT_H
| # include <stdint.h>
| #endif
| #ifdef HAVE_UNISTD_H
| # include <unistd.h>
| #endif
| int
| main ()
| {
| 
| 	  char buf[100];
| 	  char x = *strerror_r (0, buf, sizeof buf);
| 	  char *p = strerror_r (0, buf, sizeof buf);
| 	  return !p || x;
| 
|   ;
|   return 0;
| }
configure:12299: result: no
configure:12325: checking for library containing tgetent
configure:12356: gcc -o conftest -g -O2   conftest.c  >&5
/tmp/ccxS8PrH.o: In function `main':
/home12/cdw/research/sos_flow/include/sqlite3/conftest.c:40: undefined reference to `tgetent'
collect2: error: ld returned 1 exit status
configure:12356: $? = 1
configure: failed program was:
| /* confdefs.h */
| #define PACKAGE_NAME "sqlite"
| #define PACKAGE_TARNAME "sqlite"
| #define PACKAGE_VERSION "3.9.1"
| #define PACKAGE_STRING "sqlite 3.9.1"
| #define PACKAGE_BUGREPORT "http://www.sqlite.org"
| #define PACKAGE_URL ""
| #define PACKAGE "sqlite"
| #define VERSION "3.9.1"
| #define STDC_HEADERS 1
| #define HAVE_SYS_TYPES_H 1
| #define HAVE_SYS_STAT_H 1
| #define HAVE_STDLIB_H 1
| #define HAVE_STRING_H 1
| #define HAVE_MEMORY_H 1
| #define HAVE_STRINGS_H 1
| #define HAVE_INTTYPES_H 1
| #define HAVE_STDINT_H 1
| #define HAVE_UNISTD_H 1
| #define HAVE_DLFCN_H 1
| #define LT_OBJDIR ".libs/"
| #define HAVE_FDATASYNC 1
| #define HAVE_USLEEP 1
| #define HAVE_LOCALTIME_R 1
| #define HAVE_GMTIME_R 1
| #define HAVE_DECL_STRERROR_R 1
| #define HAVE_STRERROR_R 1
| /* end confdefs.h.  */
| 
| /* Override any GCC internal prototype to avoid an error.
|    Use char because int might match the return type of a GCC
|    builtin and then its argument prototype would still apply.  */
| #ifdef __cplusplus
| extern "C"
| #endif
| char tgetent ();
| int
| main ()
| {
| return tgetent ();
|   ;
|   return 0;
| }
configure:12356: gcc -o conftest -g -O2   conftest.c -lcurses   >&5
configure:12356: $? = 0
configure:12373: result: -lcurses
configure:12381: checking for library containing readline
configure:12412: gcc -o conftest -g -O2   conftest.c -lcurses  >&5
/tmp/ccjfseUp.o: In function `main':
/home12/cdw/research/sos_flow/include/sqlite3/conftest.c:40: undefined reference to `readline'
collect2: error: ld returned 1 exit status
configure:12412: $? = 1
configure: failed program was:
| /* confdefs.h */
| #define PACKAGE_NAME "sqlite"
| #define PACKAGE_TARNAME "sqlite"
| #define PACKAGE_VERSION "3.9.1"
| #define PACKAGE_STRING "sqlite 3.9.1"
| #define PACKAGE_BUGREPORT "http://www.sqlite.org"
| #define PACKAGE_URL ""
| #define PACKAGE "sqlite"
| #define VERSION "3.9.1"
| #define STDC_HEADERS 1
| #define HAVE_SYS_TYPES_H 1
| #define HAVE_SYS_STAT_H 1
| #define HAVE_STDLIB_H 1
| #define HAVE_STRING_H 1
| #define HAVE_MEMORY_H 1
| #define HAVE_STRINGS_H 1
| #define HAVE_INTTYPES_H 1
| #define HAVE_STDINT_H 1
| #define HAVE_UNISTD_H 1
| #define HAVE_DLFCN_H 1
| #define LT_OBJDIR ".libs/"
| #define HAVE_FDATASYNC 1
| #define HAVE_USLEEP 1
| #define HAVE_LOCALTIME_R 1
| #define HAVE_GMTIME_R 1
| #define HAVE_DECL_STRERROR_R 1
| #define HAVE_STRERROR_R 1
| /* end confdefs.h.  */
| 
| /* Override any GCC internal prototype to avoid an error.
|    Use char because int might match the return type of a GCC
|    builtin and then its argument prototype would still apply.  */
| #ifdef __cplusplus
| extern "C"
| #endif
| char readline ();
| int
| main ()
| {
| return readline ();
|   ;
|   return 0;
| }
configure:12412: gcc -o conftest -g -O2   conftest.c -lreadline  -lcurses  >&5
configure:12412: $? = 0
configure:12429: result: -lreadline
configure:12441: checking for readline
configure:12441: gcc -o conftest -g -O2   conftest.c -lreadline -lcurses  >&5
configure:12441: $? = 0
configure:12441: result: yes
configure:12469: checking for library containing pthread_create
configure:12500: gcc -o conftest -g -O2   conftest.c  >&5
/tmp/ccuC3mYC.o: In function `main':
/home12/cdw/research/sos_flow/include/sqlite3/conftest.c:41: undefined reference to `pthread_create'
collect2: error: ld returned 1 exit status
configure:12500: $? = 1
configure: failed program was:
| /* confdefs.h */
| #define PACKAGE_NAME "sqlite"
| #define PACKAGE_TARNAME "sqlite"
| #define PACKAGE_VERSION "3.9.1"
| #define PACKAGE_STRING "sqlite 3.9.1"
| #define PACKAGE_BUGREPORT "http://www.sqlite.org"
| #define PACKAGE_URL ""
| #define PACKAGE "sqlite"
| #define VERSION "3.9.1"
| #define STDC_HEADERS 1
| #define HAVE_SYS_TYPES_H 1
| #define HAVE_SYS_STAT_H 1
| #define HAVE_STDLIB_H 1
| #define HAVE_STRING_H 1
| #define HAVE_MEMORY_H 1
| #define HAVE_STRINGS_H 1
| #define HAVE_INTTYPES_H 1
| #define HAVE_STDINT_H 1
| #define HAVE_UNISTD_H 1
| #define HAVE_DLFCN_H 1
| #define LT_OBJDIR ".libs/"
| #define HAVE_FDATASYNC 1
| #define HAVE_USLEEP 1
| #define HAVE_LOCALTIME_R 1
| #define HAVE_GMTIME_R 1
| #define HAVE_DECL_STRERROR_R 1
| #define HAVE_STRERROR_R 1
| #define HAVE_READLINE 1
| /* end confdefs.h.  */
| 
| /* Override any GCC internal prototype to avoid an error.
|    Use char because int might match the return type of a GCC
|    builtin and then its argument prototype would still apply.  */
| #ifdef __cplusplus
| extern "C"
| #endif
| char pthread_create ();
| int
| main ()
| {
| return pthread_create ();
|   ;
|   return 0;
| }
configure:12500: gcc -o conftest -g -O2   conftest.c -lpthread   >&5
configure:12500: $? = 0
configure:12517: result: -lpthread
configure:12540: checking for library containing dlopen
configure:12571: gcc -o conftest -g -O2   conftest.c -lpthread  >&5
/tmp/ccKW2Fk6.o: In function `main':
/home12/cdw/research/sos_flow/include/sqlite3/conftest.c:41: undefined reference to `dlopen'
collect2: error: ld returned 1 exit status
configure:12571: $? = 1
configure: failed program was:
| /* confdefs.h */
| #define PACKAGE_NAME "sqlite"
| #define PACKAGE_TARNAME "sqlite"
| #define PACKAGE_VERSION "3.9.1"
| #define PACKAGE_STRING "sqlite 3.9.1"
| #define PACKAGE_BUGREPORT "http://www.sqlite.org"
| #define PACKAGE_URL ""
| #define PACKAGE "sqlite"
| #define VERSION "3.9.1"
| #define STDC_HEADERS 1
| #define HAVE_SYS_TYPES_H 1
| #define HAVE_SYS_STAT_H 1
| #define HAVE_STDLIB_H 1
| #define HAVE_STRING_H 1
| #define HAVE_MEMORY_H 1
| #define HAVE_STRINGS_H 1
| #define HAVE_INTTYPES_H 1
| #define HAVE_STDINT_H 1
| #define HAVE_UNISTD_H 1
| #define HAVE_DLFCN_H 1
| #define LT_OBJDIR ".libs/"
| #define HAVE_FDATASYNC 1
| #define HAVE_USLEEP 1
| #define HAVE_LOCALTIME_R 1
| #define HAVE_GMTIME_R 1
| #define HAVE_DECL_STRERROR_R 1
| #define HAVE_STRERROR_R 1
| #define HAVE_READLINE 1
| /* end confdefs.h.  */
| 
| /* Override any GCC internal prototype to avoid an error.
|    Use char because int might match the return type of a GCC
|    builtin and then its argument prototype would still apply.  */
| #ifdef __cplusplus
| extern "C"
| #endif
| char dlopen ();
| int
| main ()
| {
| return dlopen ();
|   ;
|   return 0;
| }
configure:12571: gcc -o conftest -g -O2   conftest.c -ldl  -lpthread  >&5
configure:12571: $? = 0
configure:12588: result: -ldl
configure:12599: checking for whether to support dynamic extensions
configure:12601: result: yes
configure:12696: checking for posix_fallocate
configure:12696: gcc -o conftest -g -O2   conftest.c -ldl -lpthread  >&5
configure:12696: $? = 0
configure:12696: result: yes
configure:12901: creating ./config.status

## ---------------------- ##
## Running config.status. ##
## ---------------------- ##

This file was extended by sqlite config.status 3.9.1, which was
generated by GNU Autoconf 2.69.  Invocation command line was

  CONFIG_FILES    = 
  CONFIG_HEADERS  = 
  CONFIG_LINKS    = 
  CONFIG_COMMANDS = 
  $ ./config.status 

on cn93

config.status:1007: creating Makefile
config.status:1007: creating sqlite3.pc
config.status:1179: executing depfiles commands
config.status:1179: executing libtool commands

## ---------------- ##
## Cache variables. ##
## ---------------- ##

ac_cv_build=x86_64-unknown-linux-gnu
ac_cv_c_compiler_gnu=yes
ac_cv_env_CC_set=
ac_cv_env_CC_value=
ac_cv_env_CFLAGS_set=
ac_cv_env_CFLAGS_value=
ac_cv_env_CPPFLAGS_set=
ac_cv_env_CPPFLAGS_value=
ac_cv_env_CPP_set=
ac_cv_env_CPP_value=
ac_cv_env_LDFLAGS_set=
ac_cv_env_LDFLAGS_value=
ac_cv_env_LIBS_set=
ac_cv_env_LIBS_value=
ac_cv_env_build_alias_set=
ac_cv_env_build_alias_value=
ac_cv_env_host_alias_set=
ac_cv_env_host_alias_value=
ac_cv_env_target_alias_set=
ac_cv_env_target_alias_value=
ac_cv_func_fdatasync=yes
ac_cv_func_fullfsync=no
ac_cv_func_gmtime_r=yes
ac_cv_func_localtime_r=yes
ac_cv_func_posix_fallocate=yes
ac_cv_func_readline=yes
ac_cv_func_strerror_r=yes
ac_cv_func_strerror_r_char_p=no
ac_cv_func_usleep=yes
ac_cv_have_decl_strerror_r=yes
ac_cv_header_dlfcn_h=yes
ac_cv_header_inttypes_h=yes
ac_cv_header_memory_h=yes
ac_cv_header_stdc=yes
ac_cv_header_stdint_h=yes
ac_cv_header_stdlib_h=yes
ac_cv_header_string_h=yes
ac_cv_header_strings_h=yes
ac_cv_header_sys_stat_h=yes
ac_cv_header_sys_types_h=yes
ac_cv_header_unistd_h=yes
ac_cv_host=x86_64-unknown-linux-gnu
ac_cv_objext=o
ac_cv_path_EGREP='/bin/grep -E'
ac_cv_path_FGREP='/bin/grep -F'
ac_cv_path_GREP=/bin/grep
ac_cv_path_SED=/bin/sed
ac_cv_path_install='/usr/bin/install -c'
ac_cv_path_mkdir=/bin/mkdir
ac_cv_prog_AWK=gawk
ac_cv_prog_CPP='gcc -E'
ac_cv_prog_ac_ct_AR=ar
ac_cv_prog_ac_ct_CC=gcc
ac_cv_prog_ac_ct_OBJDUMP=objdump
ac_cv_prog_ac_ct_RANLIB=ranlib
ac_cv_prog_ac_ct_STRIP=strip
ac_cv_prog_cc_c89=
ac_cv_prog_cc_g=yes
ac_cv_prog_make_make_set=yes
ac_cv_search_dlopen=-ldl
ac_cv_search_pthread_create=-lpthread
ac_cv_search_readline=-lreadline
ac_cv_search_tgetent=-lcurses
ac_cv_sys_file_offset_bits=no
ac_cv_sys_largefile_CC=no
am_cv_CC_dependencies_compiler_type=gcc3
lt_cv_ar_at_file=@
lt_cv_archive_cmds_need_lc=no
lt_cv_deplibs_check_method=pass_all
lt_cv_file_magic_cmd='$MAGIC_CMD'
lt_cv_file_magic_test_file=
lt_cv_ld_reload_flag=-r
lt_cv_nm_interface='BSD nm'
lt_cv_objdir=.libs
lt_cv_path_LD=/usr/bin/ld
lt_cv_path_NM='/usr/bin/nm -B'
lt_cv_path_mainfest_tool=no
lt_cv_prog_compiler_c_o=yes
lt_cv_prog_compiler_pic='-fPIC -DPIC'
lt_cv_prog_compiler_pic_works=yes
lt_cv_prog_compiler_rtti_exceptions=no
lt_cv_prog_compiler_static_works=yes
lt_cv_prog_gnu_ld=yes
lt_cv_sharedlib_from_linklib_cmd='printf %s\n'
lt_cv_shlibpath_overrides_runpath=no
lt_cv_sys_global_symbol_pipe='sed -n -e '\''s/^.*[	 ]\([ABCDGIRSTW][ABCDGIRSTW]*\)[	 ][	 ]*\([_A-Za-z][_A-Za-z0-9]*\)$/\1 \2 \2/p'\'' | sed '\''/ __gnu_lto/d'\'''
lt_cv_sys_global_symbol_to_c_name_address='sed -n -e '\''s/^: \([^ ]*\)[ ]*$/  {\"\1\", (void *) 0},/p'\'' -e '\''s/^[ABCDGIRSTW]* \([^ ]*\) \([^ ]*\)$/  {"\2", (void *) \&\2},/p'\'''
lt_cv_sys_global_symbol_to_c_name_address_lib_prefix='sed -n -e '\''s/^: \([^ ]*\)[ ]*$/  {\"\1\", (void *) 0},/p'\'' -e '\''s/^[ABCDGIRSTW]* \([^ ]*\) \(lib[^ ]*\)$/  {"\2", (void *) \&\2},/p'\'' -e '\''s/^[ABCDGIRSTW]* \([^ ]*\) \([^ ]*\)$/  {"lib\2", (void *) \&\2},/p'\'''
lt_cv_sys_global_symbol_to_cdecl='sed -n -e '\''s/^T .* \(.*\)$/extern int \1();/p'\'' -e '\''s/^[ABCDGIRSTW]* .* \(.*\)$/extern char \1;/p'\'''
lt_cv_sys_max_cmd_len=1966080
lt_cv_to_host_file_cmd=func_convert_file_noop
lt_cv_to_tool_file_cmd=func_convert_file_noop

## ----------------- ##
## Output variables. ##
## ----------------- ##

ACLOCAL='${SHELL} /home12/cdw/research/sos_flow/include/sqlite3/missing --run aclocal-1.11'
AMDEPBACKSLASH='\'
AMDEP_FALSE='#'
AMDEP_TRUE=''
AMTAR='$${TAR-tar}'
AR='ar'
AUTOCONF='${SHELL} /home12/cdw/research/sos_flow/include/sqlite3/missing --run autoconf'
AUTOHEADER='${SHELL} /home12/cdw/research/sos_flow/include/sqlite3/missing --run autoheader'
AUTOMAKE='${SHELL} /home12/cdw/research/sos_flow/include/sqlite3/missing --run automake-1.11'
AWK='gawk'
BUILD_CFLAGS=''
CC='gcc'
CCDEPMODE='depmode=gcc3'
CFLAGS='-g -O2'
CPP='gcc -E'
CPPFLAGS=''
CYGPATH_W='echo'
DEFS='-DPACKAGE_NAME=\"sqlite\" -DPACKAGE_TARNAME=\"sqlite\" -DPACKAGE_VERSION=\"3.9.1\" -DPACKAGE_STRING=\"sqlite\ 3.9.1\" -DPACKAGE_BUGREPORT=\"http://www.sqlite.org\" -DPACKAGE_URL=\"\" -DPACKAGE=\"sqlite\" -DVERSION=\"3.9.1\" -DSTDC_HEADERS=1 -DHAVE_SYS_TYPES_H=1 -DHAVE_SYS_STAT_H=1 -DHAVE_STDLIB_H=1 -DHAVE_STRING_H=1 -DHAVE_MEMORY_H=1 -DHAVE_STRINGS_H=1 -DHAVE_INTTYPES_H=1 -DHAVE_STDINT_H=1 -DHAVE_UNISTD_H=1 -DHAVE_DLFCN_H=1 -DLT_OBJDIR=\".libs/\" -DHAVE_FDATASYNC=1 -DHAVE_USLEEP=1 -DHAVE_LOCALTIME_R=1 -DHAVE_GMTIME_R=1 -DHAVE_DECL_STRERROR_R=1 -DHAVE_STRERROR_R=1 -DHAVE_READLINE=1 -DHAVE_POSIX_FALLOCATE=1'
DEPDIR='.deps'
DLLTOOL='false'
DSYMUTIL=''
DUMPBIN=''
DYNAMIC_EXTENSION_FLAGS=''
ECHO_C=''
ECHO_N='-n'
ECHO_T=''
EGREP='/bin/grep -E'
EXEEXT=''
FGREP='/bin/grep -F'
FTS5_FLAGS=''
GREP='/bin/grep'
INSTALL_DATA='${INSTALL} -m 644'
INSTALL_PROGRAM='${INSTALL}'
INSTALL_SCRIPT='${INSTALL}'
INSTALL_STRIP_PROGRAM='$(install_sh) -c -s'
JSON1_FLAGS=''
LD='/usr/bin/ld -m elf_x86_64'
LDFLAGS=''
LIBOBJS=''
LIBS='-ldl -lpthread '
LIBTOOL='$(SHELL) $(top_builddir)/libtool'
LIPO=''
LN_S='ln -s'
LTLIBOBJS=''
MAKEINFO='${SHELL} /home12/cdw/research/sos_flow/include/sqlite3/missing --run makeinfo'
MANIFEST_TOOL=':'
MKDIR_P='/bin/mkdir -p'
NM='/usr/bin/nm -B'
NMEDIT=''
OBJDUMP='objdump'
OBJEXT='o'
OTOOL64=''
OTOOL=''
PACKAGE='sqlite'
PACKAGE_BUGREPORT='http://www.sqlite.org'
PACKAGE_NAME='sqlite'
PACKAGE_STRING='sqlite 3.9.1'
PACKAGE_TARNAME='sqlite'
PACKAGE_URL=''
PACKAGE_VERSION='3.9.1'
PATH_SEPARATOR=':'
RANLIB='ranlib'
READLINE_LIBS='-lreadline -lcurses '
SED='/bin/sed'
SET_MAKE=''
SHELL='/bin/sh'
STRIP='strip'
THREADSAFE_FLAGS='-D_REENTRANT=1 -DSQLITE_THREADSAFE=1'
VERSION='3.9.1'
ac_ct_AR='ar'
ac_ct_CC='gcc'
ac_ct_DUMPBIN=''
am__EXEEXT_FALSE=''
am__EXEEXT_TRUE='#'
am__fastdepCC_FALSE='#'
am__fastdepCC_TRUE=''
am__include='include'
am__isrc=''
am__leading_dot='.'
am__nodep='_no'
am__quote=''
am__tar='$${TAR-tar} chof - "$$tardir"'
am__untar='$${TAR-tar} xf -'
bindir='${exec_prefix}/bin'
build='x86_64-unknown-linux-gnu'
build_alias=''
build_cpu='x86_64'
build_os='linux-gnu'
build_vendor='unknown'
datadir='${datarootdir}'
datarootdir='${prefix}/share'
docdir='${datarootdir}/doc/${PACKAGE_TARNAME}'
dvidir='${docdir}'
exec_prefix='${prefix}'
host='x86_64-unknown-linux-gnu'
host_alias=''
host_cpu='x86_64'
host_os='linux-gnu'
host_vendor='unknown'
htmldir='${docdir}'
includedir='${prefix}/include'
infodir='${datarootdir}/info'
install_sh='${SHELL} /home12/cdw/research/sos_flow/include/sqlite3/install-sh'
libdir='${exec_prefix}/lib'
libexecdir='${exec_prefix}/libexec'
localedir='${datarootdir}/locale'
localstatedir='${prefix}/var'
mandir='${datarootdir}/man'
mkdir_p='/bin/mkdir -p'
oldincludedir='/usr/include'
pdfdir='${docdir}'
prefix='/usr/local'
program_transform_name='s,x,x,'
psdir='${docdir}'
sbindir='${exec_prefix}/sbin'
sharedstatedir='${prefix}/com'
sysconfdir='${prefix}/etc'
target_alias=''

## ----------- ##
## confdefs.h. ##
## ----------- ##

/* confdefs.h */
#define PACKAGE_NAME "sqlite"
#define PACKAGE_TARNAME "sqlite"
#define PACKAGE_VERSION "3.9.1"
#define PACKAGE_STRING "sqlite 3.9.1"
#define PACKAGE_BUGREPORT "http://www.sqlite.org"
#define PACKAGE_URL ""
#define PACKAGE "sqlite"
#define VERSION "3.9.1"
#define STDC_HEADERS 1
#define HAVE_SYS_TYPES_H 1
#define HAVE_SYS_STAT_H 1
#define HAVE_STDLIB_H 1
#define HAVE_STRING_H 1
#define HAVE_MEMORY_H 1
#define HAVE_STRINGS_H 1
#define HAVE_INTTYPES_H 1
#define HAVE_STDINT_H 1
#define HAVE_UNISTD_H 1
#define HAVE_DLFCN_H 1
#define LT_OBJDIR ".libs/"
#define HAVE_FDATASYNC 1
#define HAVE_USLEEP 1
#define HAVE_LOCALTIME_R 1
#define HAVE_GMTIME_R 1
#define HAVE_DECL_STRERROR_R 1
#define HAVE_STRERROR_R 1
#define HAVE_READLINE 1
#define HAVE_POSIX_FALLOCATE 1

configure: exit 0
